<?xml version="1.0" encoding="UTF-8"?>
<!-- Generated by org.testng.reporters.JUnitReportReporter -->
<testsuite skipped="0" hostname="BDC4-L-PF1V7L8G" name="docker.SmokeTest" tests="2" failures="0" timestamp="07 Jul 2020 05:30:24 GMT" time="22.859" errors="0">
  <testcase name="links2" time="12.944" classname="docker.SmokeTest"/>
  <testcase name="links1" time="9.915" classname="docker.SmokeTest"/>
</testsuite> <!-- docker.SmokeTest -->
