<?xml version="1.0" encoding="UTF-8"?>
<!-- Generated by org.testng.reporters.JUnitReportReporter -->
<testsuite skipped="0" hostname="BDC4-L-PF1V7L8G" name="docker.FirefoxTest" tests="1" failures="0" timestamp="08 Jul 2020 07:14:26 GMT" time="42.684" errors="0">
  <testcase name="links2" time="42.684" classname="docker.FirefoxTest"/>
</testsuite> <!-- docker.FirefoxTest -->
