<?xml version="1.0" encoding="UTF-8"?>
<!-- Generated by org.testng.reporters.JUnitReportReporter -->
<testsuite skipped="0" hostname="BDC4-L-PF1V7L8G" name="tests.GridFireFoxTest" tests="1" failures="0" timestamp="30 Jun 2020 16:17:51 GMT" time="19.809" errors="0">
  <testcase name="setUp" time="19.809" classname="tests.GridFireFoxTest"/>
</testsuite> <!-- tests.GridFireFoxTest -->
