<?xml version="1.0" encoding="UTF-8"?>
<!-- Generated by org.testng.reporters.JUnitReportReporter -->
<testsuite skipped="0" hostname="BDC4-L-PF1V7L8G" name="docker.ChromeTest" tests="1" failures="0" timestamp="08 Jul 2020 07:14:26 GMT" time="13.745" errors="0">
  <testcase name="links1" time="13.745" classname="docker.ChromeTest"/>
</testsuite> <!-- docker.ChromeTest -->
