<?xml version="1.0" encoding="UTF-8"?>
<!-- Generated by org.testng.reporters.JUnitReportReporter -->
<testsuite skipped="0" hostname="BDC4-L-PF1V7L8G" name="docker.Setup_DockerGrid" tests="2" failures="0" timestamp="07 Jul 2020 07:38:05 GMT" time="34.334" errors="0">
  <testcase name="startDockerGrid" time="26.464" classname="docker.Setup_DockerGrid"/>
  <testcase name="stopDockerGrid" time="7.870" classname="docker.Setup_DockerGrid"/>
</testsuite> <!-- docker.Setup_DockerGrid -->
