<?xml version="1.0" encoding="UTF-8"?>
<!-- Generated by org.testng.reporters.JUnitReportReporter -->
<testsuite skipped="0" hostname="BDC4-L-PF1V7L8G" name="docker.RegressionTest" tests="4" failures="0" timestamp="02 Jul 2020 14:24:59 GMT" time="243.832" errors="0">
  <testcase name="links2" time="63.661" classname="docker.RegressionTest"/>
  <testcase name="links2" time="55.243" classname="docker.RegressionTest"/>
  <testcase name="links1" time="66.161" classname="docker.RegressionTest"/>
  <testcase name="links1" time="58.767" classname="docker.RegressionTest"/>
</testsuite> <!-- docker.RegressionTest -->
