<?xml version="1.0" encoding="UTF-8"?>
<!-- Generated by org.testng.reporters.JUnitReportReporter -->
<testsuite skipped="0" hostname="BDC4-L-PF1V7L8G" name="tests.GridChromeTest" tests="1" failures="0" timestamp="30 Jun 2020 16:17:51 GMT" time="8.432" errors="0">
  <testcase name="setUp" time="8.432" classname="tests.GridChromeTest"/>
</testsuite> <!-- tests.GridChromeTest -->
