<?xml version="1.0" encoding="UTF-8"?>
<!-- Generated by org.testng.reporters.JUnitReportReporter -->
<testsuite skipped="0" hostname="BDC4-L-PF1V7L8G" name="docker.OperaTest" tests="1" failures="0" timestamp="07 Jul 2020 12:25:38 GMT" time="17.906" errors="0">
  <testcase name="links2" time="17.906" classname="docker.OperaTest"/>
</testsuite> <!-- docker.OperaTest -->
